0 verbose cli C:\Program Files\nodejs\node.exe C:\Users\HP PC\AppData\Roaming\npm\node_modules\npm\bin\npm-cli.js
1 info using npm@8.19.2
2 info using node@v22.12.0
3 timing npm:load:whichnode Completed in 0ms
4 timing config:load:defaults Completed in 2ms
5 timing config:load:file:C:\Users\HP PC\AppData\Roaming\npm\node_modules\npm\npmrc Completed in 12ms
6 timing config:load:builtin Completed in 12ms
7 timing config:load:cli Completed in 3ms
8 timing config:load:env Completed in 0ms
9 timing config:load:file:C:\Users\HP PC\AppData\Local\Microsoft\TypeScript\5.9\.npmrc Completed in 1ms
10 timing config:load:project Completed in 5ms
11 timing config:load:file:C:\Users\HP PC\.npmrc Completed in 1ms
12 timing config:load:user Completed in 1ms
13 timing config:load:file:C:\Users\HP PC\AppData\Roaming\npm\etc\npmrc Completed in 1ms
14 timing config:load:global Completed in 2ms
15 timing config:load:validate Completed in 1ms
16 timing config:load:credentials Completed in 1ms
17 timing config:load:setEnvs Completed in 2ms
18 timing config:load Completed in 31ms
19 timing npm:load:configload Completed in 31ms
20 timing npm:load:mkdirpcache Completed in 1ms
21 timing npm:load:mkdirplogs Completed in 1ms
22 verbose title npm install types-registry@latest
23 verbose argv "install" "--ignore-scripts" "types-registry@latest"
24 timing npm:load:setTitle Completed in 1ms
25 timing config:load:flatten Completed in 4ms
26 timing npm:load:display Completed in 4ms
27 verbose logfile logs-max:10 dir:C:\Users\HP PC\Desktop\main-project\eventdekho\UsersmynameAppDataRoamingnpm-cache\_logs
28 verbose logfile C:\Users\HP PC\Desktop\main-project\eventdekho\UsersmynameAppDataRoamingnpm-cache\_logs\2025-03-16T14_04_30_030Z-debug-0.log
29 timing npm:load:logFile Completed in 7ms
30 timing npm:load:timers Completed in 0ms
31 timing npm:load:configScope Completed in 0ms
32 timing npm:load Completed in 47ms
33 timing arborist:ctor Completed in 1ms
34 silly logfile done cleaning log files
35 timing arborist:ctor Completed in 0ms
36 timing idealTree:init Completed in 15ms
37 http fetch GET 200 https://registry.npmjs.org/types-registry 473ms (cache miss)
38 timing idealTree:userRequests Completed in 485ms
39 silly idealTree buildDeps
40 silly fetch manifest types-registry@0.1.712
41 silly placeDep ROOT types-registry@0.1.712 OK for:  want: 0.1.712
42 timing idealTree:#root Completed in 8ms
43 timing idealTree:node_modules/types-registry Completed in 0ms
44 timing idealTree:buildDeps Completed in 9ms
45 timing idealTree:fixDepFlags Completed in 1ms
46 timing idealTree Completed in 511ms
47 timing reify:loadTrees Completed in 512ms
48 timing reify:diffTrees Completed in 1ms
49 silly reify moves {}
50 timing reify:retireShallow Completed in 0ms
51 timing reify:createSparse Completed in 3ms
52 timing reify:loadBundles Completed in 0ms
53 silly audit bulk request { 'types-registry': [ '0.1.712' ] }
54 silly tarball no local data for types-registry@https://registry.npmjs.org/types-registry/-/types-registry-0.1.712.tgz. Extracting by manifest.
55 http fetch POST 200 https://registry.npmjs.org/-/npm/v1/security/advisories/bulk 332ms
56 timing auditReport:getReport Completed in 334ms
57 silly audit report {}
58 timing auditReport:init Completed in 0ms
59 timing reify:audit Completed in 335ms
60 http fetch GET 200 https://registry.npmjs.org/types-registry/-/types-registry-0.1.712.tgz 617ms (cache miss)
61 timing reifyNode:node_modules/types-registry Completed in 630ms
62 timing reify:unpack Completed in 630ms
63 timing reify:unretire Completed in 0ms
64 timing build:queue Completed in 1ms
65 timing build:deps Completed in 2ms
66 timing build Completed in 2ms
67 timing reify:build Completed in 2ms
68 timing reify:trash Completed in 0ms
69 timing reify:save Completed in 9ms
70 timing reify Completed in 1174ms
71 silly ADD node_modules/types-registry
72 timing command:install Completed in 1181ms
73 verbose exit 0
74 timing npm Completed in 1531ms
75 info ok
