0 verbose cli C:\Program Files\nodejs\node.exe C:\Users\HP PC\AppData\Roaming\npm\node_modules\npm\bin\npm-cli.js
1 info using npm@8.19.2
2 info using node@v22.12.0
3 timing npm:load:whichnode Completed in 1ms
4 timing config:load:defaults Completed in 2ms
5 timing config:load:file:C:\Users\HP PC\AppData\Roaming\npm\node_modules\npm\npmrc Completed in 6ms
6 timing config:load:builtin Completed in 7ms
7 timing config:load:cli Completed in 4ms
8 timing config:load:env Completed in 1ms
9 timing config:load:file:C:\Users\HP PC\AppData\Local\Microsoft\TypeScript\5.8\.npmrc Completed in 0ms
10 timing config:load:project Completed in 8ms
11 timing config:load:file:C:\Users\HP PC\.npmrc Completed in 1ms
12 timing config:load:user Completed in 2ms
13 timing config:load:file:C:\Users\HP PC\AppData\Roaming\npm\etc\npmrc Completed in 1ms
14 timing config:load:global Completed in 1ms
15 timing config:load:validate Completed in 0ms
16 timing config:load:credentials Completed in 1ms
17 timing config:load:setEnvs Completed in 2ms
18 timing config:load Completed in 29ms
19 timing npm:load:configload Completed in 29ms
20 timing npm:load:mkdirpcache Completed in 1ms
21 timing npm:load:mkdirplogs Completed in 0ms
22 verbose title npm install types-registry@latest
23 verbose argv "install" "--ignore-scripts" "types-registry@latest"
24 timing npm:load:setTitle Completed in 2ms
25 timing config:load:flatten Completed in 3ms
26 timing npm:load:display Completed in 5ms
27 verbose logfile logs-max:10 dir:C:\Users\HP PC\Desktop\main-project\eventdekho\UsersmynameAppDataRoamingnpm-cache\_logs
28 verbose logfile C:\Users\HP PC\Desktop\main-project\eventdekho\UsersmynameAppDataRoamingnpm-cache\_logs\2025-02-08T06_44_32_781Z-debug-0.log
29 timing npm:load:logFile Completed in 9ms
30 timing npm:load:timers Completed in 0ms
31 timing npm:load:configScope Completed in 0ms
32 timing npm:load Completed in 48ms
33 timing arborist:ctor Completed in 1ms
34 silly logfile done cleaning log files
35 timing idealTree:init Completed in 55ms
36 timing arborist:ctor Completed in 0ms
37 http fetch GET 200 https://registry.npmjs.org/types-registry 826ms (cache miss)
38 timing idealTree:userRequests Completed in 839ms
39 silly idealTree buildDeps
40 silly fetch manifest types-registry@0.1.706
41 silly placeDep ROOT types-registry@0.1.706 REPLACE for:  want: 0.1.706
42 timing idealTree:#root Completed in 9ms
43 timing idealTree:node_modules/types-registry Completed in 0ms
44 timing idealTree:buildDeps Completed in 11ms
45 timing idealTree:fixDepFlags Completed in 1ms
46 timing idealTree Completed in 910ms
47 timing reify:loadTrees Completed in 910ms
48 timing reify:diffTrees Completed in 4ms
49 silly reify moves {}
50 timing reify:retireShallow Completed in 0ms
51 timing reify:createSparse Completed in 1ms
52 timing reify:loadBundles Completed in 0ms
53 silly audit bulk request {
53 silly audit   '@types/bcrypt': [ '5.0.2' ],
53 silly audit   '@types/body-parser': [ '1.19.5' ],
53 silly audit   '@types/connect': [ '3.4.38' ],
53 silly audit   '@types/cors': [ '2.8.17' ],
53 silly audit   '@types/draft-js': [ '0.11.18' ],
53 silly audit   '@types/express': [ '5.0.0' ],
53 silly audit   '@types/express-serve-static-core': [ '5.0.4' ],
53 silly audit   '@types/fabric': [ '5.3.9' ],
53 silly audit   '@types/http-errors': [ '2.0.4' ],
53 silly audit   '@types/js-cookie': [ '3.0.6' ],
53 silly audit   '@types/jsonwebtoken': [ '9.0.7' ],
53 silly audit   '@types/mime': [ '1.3.5' ],
53 silly audit   '@types/node': [ '22.10.5' ],
53 silly audit   '@types/nopt': [ '3.0.32' ],
53 silly audit   '@types/npmlog': [ '7.0.0' ],
53 silly audit   '@types/object-assign': [ '4.0.33' ],
53 silly audit   '@types/page': [ '1.11.9' ],
53 silly audit   '@types/qs': [ '6.9.17' ],
53 silly audit   '@types/range-parser': [ '1.2.7' ],
53 silly audit   '@types/react': [ '19.0.8' ],
53 silly audit   '@types/react-dom': [ '19.0.3' ],
53 silly audit   '@types/react-expand-animated': [ '1.0.4' ],
53 silly audit   '@types/send': [ '0.17.4' ],
53 silly audit   '@types/serve-static': [ '1.15.7' ],
53 silly audit   '@types/vary': [ '1.1.3' ],
53 silly audit   csstype: [ '3.1.3' ],
53 silly audit   immutable: [ '3.7.6' ],
53 silly audit   'undici-types': [ '6.20.0' ],
53 silly audit   'types-registry': [ '0.1.706' ]
53 silly audit }
54 timing reify:unpack Completed in 1ms
55 timing reify:unretire Completed in 0ms
56 timing build:queue Completed in 0ms
57 timing build:deps Completed in 0ms
58 timing build Completed in 0ms
59 timing reify:build Completed in 1ms
60 timing reify:trash Completed in 0ms
61 timing reify:save Completed in 22ms
62 http fetch POST 200 https://registry.npmjs.org/-/npm/v1/security/advisories/bulk 344ms
63 timing auditReport:getReport Completed in 348ms
64 silly audit report {}
65 timing auditReport:init Completed in 0ms
66 timing reify:audit Completed in 351ms
67 timing reify Completed in 1272ms
68 timing command:install Completed in 1281ms
69 verbose exit 0
70 timing npm Completed in 1622ms
71 info ok
