0 verbose cli C:\Program Files\nodejs\node.exe C:\Users\HP PC\AppData\Roaming\npm\node_modules\npm\bin\npm-cli.js
1 info using npm@8.19.2
2 info using node@v22.12.0
3 timing npm:load:whichnode Completed in 0ms
4 timing config:load:defaults Completed in 1ms
5 timing config:load:file:C:\Users\HP PC\AppData\Roaming\npm\node_modules\npm\npmrc Completed in 3ms
6 timing config:load:builtin Completed in 4ms
7 timing config:load:cli Completed in 4ms
8 timing config:load:env Completed in 1ms
9 timing config:load:file:C:\Users\HP PC\AppData\Local\Microsoft\TypeScript\5.9\.npmrc Completed in 1ms
10 timing config:load:project Completed in 9ms
11 timing config:load:file:C:\Users\HP PC\.npmrc Completed in 1ms
12 timing config:load:user Completed in 1ms
13 timing config:load:file:C:\Users\HP PC\AppData\Roaming\npm\etc\npmrc Completed in 1ms
14 timing config:load:global Completed in 1ms
15 timing config:load:validate Completed in 0ms
16 timing config:load:credentials Completed in 2ms
17 timing config:load:setEnvs Completed in 1ms
18 timing config:load Completed in 25ms
19 timing npm:load:configload Completed in 26ms
20 timing npm:load:mkdirpcache Completed in 2ms
21 timing npm:load:mkdirplogs Completed in 1ms
22 verbose title npm install @types/js-cookie@ts5.9 @types/react@ts5.9 @types/react-dom@ts5.9 @types/page@ts5.9
23 verbose argv "install" "--ignore-scripts" "@types/js-cookie@ts5.9" "@types/react@ts5.9" "@types/react-dom@ts5.9" "@types/page@ts5.9" "--save-dev" "--user-agent" "typesInstaller/5.9.0-dev.20250315"
24 timing npm:load:setTitle Completed in 2ms
25 timing config:load:flatten Completed in 3ms
26 timing npm:load:display Completed in 4ms
27 verbose logfile logs-max:10 dir:C:\Users\HP PC\Desktop\main-project\eventdekho\UsersmynameAppDataRoamingnpm-cache\_logs
28 verbose logfile C:\Users\HP PC\Desktop\main-project\eventdekho\UsersmynameAppDataRoamingnpm-cache\_logs\2025-03-16T14_04_32_884Z-debug-0.log
29 timing npm:load:logFile Completed in 7ms
30 timing npm:load:timers Completed in 1ms
31 timing npm:load:configScope Completed in 0ms
32 timing npm:load Completed in 43ms
33 timing arborist:ctor Completed in 1ms
34 silly logfile done cleaning log files
35 timing idealTree:init Completed in 17ms
36 timing arborist:ctor Completed in 0ms
37 http fetch GET 200 https://registry.npmjs.org/@types%2fpage 616ms (cache miss)
38 http fetch GET 200 https://registry.npmjs.org/@types%2fjs-cookie 1253ms (cache miss)
39 http fetch GET 200 https://registry.npmjs.org/@types%2freact-dom 1261ms (cache miss)
40 http fetch GET 200 https://registry.npmjs.org/@types%2freact 1351ms (cache miss)
41 timing idealTree:userRequests Completed in 1362ms
42 silly idealTree buildDeps
43 silly fetch manifest @types/page@1.11.9
44 silly fetch manifest @types/js-cookie@3.0.6
45 silly fetch manifest @types/react-dom@19.0.4
46 silly fetch manifest @types/react@19.0.10
47 silly placeDep ROOT @types/js-cookie@3.0.6 OK for:  want: 3.0.6
48 silly placeDep ROOT @types/page@1.11.9 OK for:  want: 1.11.9
49 silly placeDep ROOT @types/react@19.0.10 OK for:  want: 19.0.10
50 silly placeDep ROOT @types/react-dom@19.0.4 OK for:  want: 19.0.4
51 silly fetch manifest csstype@^3.0.2
52 http fetch GET 200 https://registry.npmjs.org/csstype 100ms (cache miss)
53 timing idealTree:#root Completed in 124ms
54 timing idealTree:node_modules/@types/js-cookie Completed in 0ms
55 timing idealTree:node_modules/@types/page Completed in 0ms
56 silly placeDep ROOT csstype@3.1.3 OK for: @types/react@19.0.10 want: ^3.0.2
57 timing idealTree:node_modules/@types/react Completed in 3ms
58 timing idealTree:node_modules/@types/react-dom Completed in 0ms
59 timing idealTree:node_modules/csstype Completed in 0ms
60 timing idealTree:buildDeps Completed in 129ms
61 timing idealTree:fixDepFlags Completed in 1ms
62 timing idealTree Completed in 1510ms
63 timing reify:loadTrees Completed in 1512ms
64 timing reify:diffTrees Completed in 2ms
65 silly reify moves {}
66 timing reify:retireShallow Completed in 0ms
67 timing reify:createSparse Completed in 5ms
68 timing reify:loadBundles Completed in 0ms
69 silly audit bulk request {
69 silly audit   'types-registry': [ '0.1.712' ],
69 silly audit   '@types/js-cookie': [ '3.0.6' ],
69 silly audit   '@types/page': [ '1.11.9' ],
69 silly audit   '@types/react': [ '19.0.10' ],
69 silly audit   '@types/react-dom': [ '19.0.4' ],
69 silly audit   csstype: [ '3.1.3' ]
69 silly audit }
70 silly tarball no local data for csstype@https://registry.npmjs.org/csstype/-/csstype-3.1.3.tgz. Extracting by manifest.
71 silly tarball no local data for @types/react-dom@https://registry.npmjs.org/@types/react-dom/-/react-dom-19.0.4.tgz. Extracting by manifest.
72 silly tarball no local data for @types/react@https://registry.npmjs.org/@types/react/-/react-19.0.10.tgz. Extracting by manifest.
73 silly tarball no local data for @types/page@https://registry.npmjs.org/@types/page/-/page-1.11.9.tgz. Extracting by manifest.
74 silly tarball no local data for @types/js-cookie@https://registry.npmjs.org/@types/js-cookie/-/js-cookie-3.0.6.tgz. Extracting by manifest.
75 http fetch GET 200 https://registry.npmjs.org/@types/react-dom/-/react-dom-19.0.4.tgz 513ms (cache miss)
76 timing reifyNode:node_modules/@types/react-dom Completed in 530ms
77 http fetch GET 200 https://registry.npmjs.org/csstype/-/csstype-3.1.3.tgz 542ms (cache miss)
78 timing reifyNode:node_modules/csstype Completed in 556ms
79 http fetch GET 200 https://registry.npmjs.org/@types/react/-/react-19.0.10.tgz 583ms (cache miss)
80 timing reifyNode:node_modules/@types/react Completed in 598ms
81 http fetch GET 200 https://registry.npmjs.org/@types/page/-/page-1.11.9.tgz 608ms (cache miss)
82 timing reifyNode:node_modules/@types/page Completed in 624ms
83 http fetch GET 200 https://registry.npmjs.org/@types/js-cookie/-/js-cookie-3.0.6.tgz 656ms (cache miss)
84 timing reifyNode:node_modules/@types/js-cookie Completed in 676ms
85 timing reify:unpack Completed in 676ms
86 timing reify:unretire Completed in 1ms
87 timing build:queue Completed in 2ms
88 timing build:deps Completed in 2ms
89 timing build Completed in 2ms
90 timing reify:build Completed in 3ms
91 timing reify:trash Completed in 0ms
92 timing reify:save Completed in 13ms
93 http fetch POST 200 https://registry.npmjs.org/-/npm/v1/security/advisories/bulk 913ms
94 timing auditReport:getReport Completed in 914ms
95 silly audit report {}
96 timing auditReport:init Completed in 0ms
97 timing reify:audit Completed in 916ms
98 timing reify Completed in 2442ms
99 silly ADD node_modules/csstype
100 silly ADD node_modules/@types/react-dom
101 silly ADD node_modules/@types/react
102 silly ADD node_modules/@types/page
103 silly ADD node_modules/@types/js-cookie
104 timing command:install Completed in 2448ms
105 verbose exit 0
106 timing npm Completed in 2739ms
107 info ok
