0 verbose cli C:\Program Files\nodejs\node.exe C:\Users\HP PC\AppData\Roaming\npm\node_modules\npm\bin\npm-cli.js
1 info using npm@8.19.2
2 info using node@v22.12.0
3 timing npm:load:whichnode Completed in 0ms
4 timing config:load:defaults Completed in 2ms
5 timing config:load:file:C:\Users\HP PC\AppData\Roaming\npm\node_modules\npm\npmrc Completed in 9ms
6 timing config:load:builtin Completed in 9ms
7 timing config:load:cli Completed in 4ms
8 timing config:load:env Completed in 1ms
9 timing config:load:file:C:\Users\HP PC\AppData\Local\Microsoft\TypeScript\5.8\.npmrc Completed in 0ms
10 timing config:load:project Completed in 9ms
11 timing config:load:file:C:\Users\HP PC\.npmrc Completed in 1ms
12 timing config:load:user Completed in 1ms
13 timing config:load:file:C:\Users\HP PC\AppData\Roaming\npm\etc\npmrc Completed in 1ms
14 timing config:load:global Completed in 1ms
15 timing config:load:validate Completed in 0ms
16 timing config:load:credentials Completed in 1ms
17 timing config:load:setEnvs Completed in 2ms
18 timing config:load Completed in 30ms
19 timing npm:load:configload Completed in 30ms
20 timing npm:load:mkdirpcache Completed in 1ms
21 timing npm:load:mkdirplogs Completed in 0ms
22 verbose title npm install types-registry@latest
23 verbose argv "install" "--ignore-scripts" "types-registry@latest"
24 timing npm:load:setTitle Completed in 1ms
25 timing config:load:flatten Completed in 4ms
26 timing npm:load:display Completed in 5ms
27 verbose logfile logs-max:10 dir:C:\Users\HP PC\Desktop\main-project\eventdekho\UsersmynameAppDataRoamingnpm-cache\_logs
28 verbose logfile C:\Users\HP PC\Desktop\main-project\eventdekho\UsersmynameAppDataRoamingnpm-cache\_logs\2025-02-10T17_15_53_074Z-debug-0.log
29 timing npm:load:logFile Completed in 7ms
30 timing npm:load:timers Completed in 1ms
31 timing npm:load:configScope Completed in 0ms
32 timing npm:load Completed in 47ms
33 timing arborist:ctor Completed in 1ms
34 silly logfile done cleaning log files
35 timing idealTree:init Completed in 44ms
36 timing arborist:ctor Completed in 0ms
37 http fetch GET 200 https://registry.npmjs.org/types-registry 910ms (cache updated)
38 timing idealTree:userRequests Completed in 927ms
39 silly idealTree buildDeps
40 silly fetch manifest types-registry@0.1.707
41 silly placeDep ROOT types-registry@0.1.707 REPLACE for:  want: 0.1.707
42 timing idealTree:#root Completed in 10ms
43 timing idealTree:node_modules/types-registry Completed in 0ms
44 timing idealTree:buildDeps Completed in 12ms
45 timing idealTree:fixDepFlags Completed in 0ms
46 timing idealTree Completed in 986ms
47 timing reify:loadTrees Completed in 988ms
48 timing reify:diffTrees Completed in 4ms
49 silly reify mark retired [
49 silly reify   'C:\\Users\\HP PC\\AppData\\Local\\Microsoft\\TypeScript\\5.8\\node_modules\\types-registry'
49 silly reify ]
50 silly reify moves {
50 silly reify   'C:\\Users\\HP PC\\AppData\\Local\\Microsoft\\TypeScript\\5.8\\node_modules\\types-registry': 'C:\\Users\\HP PC\\AppData\\Local\\Microsoft\\TypeScript\\5.8\\node_modules\\.types-registry-I4xjkCA4'
50 silly reify }
51 timing reify:retireShallow Completed in 5ms
52 timing reify:createSparse Completed in 2ms
53 timing reify:loadBundles Completed in 0ms
54 silly audit bulk request {
54 silly audit   '@types/bcrypt': [ '5.0.2' ],
54 silly audit   '@types/body-parser': [ '1.19.5' ],
54 silly audit   '@types/connect': [ '3.4.38' ],
54 silly audit   '@types/cors': [ '2.8.17' ],
54 silly audit   '@types/draft-js': [ '0.11.18' ],
54 silly audit   '@types/express': [ '5.0.0' ],
54 silly audit   '@types/express-serve-static-core': [ '5.0.4' ],
54 silly audit   '@types/fabric': [ '5.3.9' ],
54 silly audit   '@types/http-errors': [ '2.0.4' ],
54 silly audit   '@types/js-cookie': [ '3.0.6' ],
54 silly audit   '@types/jsonwebtoken': [ '9.0.7' ],
54 silly audit   '@types/mime': [ '1.3.5' ],
54 silly audit   '@types/node': [ '22.10.5' ],
54 silly audit   '@types/nopt': [ '3.0.32' ],
54 silly audit   '@types/npmlog': [ '7.0.0' ],
54 silly audit   '@types/object-assign': [ '4.0.33' ],
54 silly audit   '@types/page': [ '1.11.9' ],
54 silly audit   '@types/qs': [ '6.9.17' ],
54 silly audit   '@types/range-parser': [ '1.2.7' ],
54 silly audit   '@types/react': [ '19.0.8' ],
54 silly audit   '@types/react-dom': [ '19.0.3' ],
54 silly audit   '@types/react-expand-animated': [ '1.0.4' ],
54 silly audit   '@types/send': [ '0.17.4' ],
54 silly audit   '@types/serve-static': [ '1.15.7' ],
54 silly audit   '@types/vary': [ '1.1.3' ],
54 silly audit   csstype: [ '3.1.3' ],
54 silly audit   immutable: [ '3.7.6' ],
54 silly audit   'undici-types': [ '6.20.0' ],
54 silly audit   'types-registry': [ '0.1.707' ]
54 silly audit }
55 silly tarball no local data for types-registry@https://registry.npmjs.org/types-registry/-/types-registry-0.1.707.tgz. Extracting by manifest.
56 http fetch POST 200 https://registry.npmjs.org/-/npm/v1/security/advisories/bulk 430ms
57 timing auditReport:getReport Completed in 433ms
58 silly audit report {}
59 timing auditReport:init Completed in 0ms
60 timing reify:audit Completed in 434ms
61 http fetch GET 200 https://registry.npmjs.org/types-registry/-/types-registry-0.1.707.tgz 431ms (cache miss)
62 timing reifyNode:node_modules/types-registry Completed in 441ms
63 timing reify:unpack Completed in 441ms
64 timing reify:unretire Completed in 0ms
65 timing build:queue Completed in 0ms
66 timing build:deps Completed in 1ms
67 timing build Completed in 1ms
68 timing reify:build Completed in 1ms
69 timing reify:trash Completed in 3ms
70 timing reify:save Completed in 20ms
71 timing reify Completed in 1484ms
72 silly CHANGE node_modules/types-registry
73 timing command:install Completed in 1491ms
74 verbose exit 0
75 timing npm Completed in 1808ms
76 info ok
